<?xml version="1.0" encoding="UTF-8"?>
<testsuite xmlns:xsi="http://www.w3.org/2001/XMLSchema-instance" xsi:noNamespaceSchemaLocation="https://maven.apache.org/surefire/maven-surefire-plugin/xsd/surefire-test-report-3.0.xsd" version="3.0" name="edu.brown.cs.student.server.handlers.FilterRLTDataHandlerTest" time="1.768" tests="7" errors="0" skipped="0" failures="0">
  <properties>
[...]
</properties>
  <testcase name="testLoadTwiceSame" classname="edu.brown.cs.student.server.handlers.FilterRLTDataHandlerTest" time="0.048">
    <system-out><![CDATA[mockGeoJSON.json
]]></system-out>
  </testcase>
  <testcase name="testLoadTwiceDifferent" classname="edu.brown.cs.student.server.handlers.FilterRLTDataHandlerTest" time="1.587">
    <system-out><![CDATA[fullDownload.json
]]></system-out>
  </testcase>
  <testcase name="testMissingParam" classname="edu.brown.cs.student.server.handlers.FilterRLTDataHandlerTest" time="0.043">
    <system-out><![CDATA[mockGeoJSON.json
]]></system-out>
  </testcase>
  <testcase name="testTooLittleOrTooManyParam" classname="edu.brown.cs.student.server.handlers.FilterRLTDataHandlerTest" time="0.027">
    <system-out><![CDATA[mockGeoJSON.json
]]></system-out>
  </testcase>
  <testcase name="testNotNumberParam" classname="edu.brown.cs.student.server.handlers.FilterRLTDataHandlerTest" time="0.019">
    <system-out><![CDATA[mockGeoJSON.json
]]></system-out>
  </testcase>
  <testcase name="testInValidLatLonParam" classname="edu.brown.cs.student.server.handlers.FilterRLTDataHandlerTest" time="0.02">
    <system-out><![CDATA[mockGeoJSON.json
]]></system-out>
  </testcase>
  <testcase name="testSuccess" classname="edu.brown.cs.student.server.handlers.FilterRLTDataHandlerTest" time="0.02">
    <system-out><![CDATA[mockGeoJSON.json
]]></system-out>
  </testcase>
</testsuite>